[0724/105110.157:ERROR:process_info.cc(359)] UncheckedAllocate
[0724/105123.928:ERROR:process_info.cc(359)] UncheckedAllocate
[0724/105133.528:ERROR:process_info.cc(359)] UncheckedAllocate
[0724/115525.355:ERROR:crash_report_database_win.cc(580)] CreateDirectory C:\Users\romse\AppData\Local\Temp\scoped_dir12632_273047784\Crashpad: There is not enough space on the disk. (0x70)
[0724/115525.386:ERROR:registration_protocol_win.cc(131)] TransactNamedPipe: The pipe has been ended. (0x6D)
[0724/115525.386:ERROR:crash_report_database_win.cc(580)] CreateDirectory C:\Users\romse\AppData\Local\Temp\scoped_dir12632_273047784\Crashpad: There is not enough space on the disk. (0x70)
[0724/174515.155:ERROR:process_reader_win.cc(151)] SuspendThread: Access is denied. (0x5)
[0724/174515.155:ERROR:process_reader_win.cc(151)] SuspendThread: Access is denied. (0x5)
[0724/174515.155:ERROR:exception_snapshot_win.cc(98)] thread ID 6116 not found in process
[0727/160002.182:ERROR:file_io.cc(134)] WriteFile: There is not enough space on the disk. (0x70)
[0727/160002.190:ERROR:crash_report_exception_handler.cc(111)] WriteEverything failed
[0727/160002.190:ERROR:filesystem_win.cc(148)] DeleteFile C:\Users\romse\AppData\Local\Temp\scoped_dir13708_1691147457\Crashpad\reports\6beda22a-5f8a-4dec-bd9e-8816815e4f5c.dmp: The process cannot access the file because it is being used by another process. (0x20)
[0805/161038.511:ERROR:process_reader_win.cc(151)] SuspendThread: Access is denied. (0x5)
[0805/161038.515:ERROR:process_reader_win.cc(123)] NtOpenThread: {Access Denied} A process has requested access to an object, but has not been granted those access rights. (0xc0000022)
[0805/161038.518:ERROR:exception_snapshot_win.cc(98)] thread ID 10148 not found in process
[0805/161038.495:ERROR:process_reader_win.cc(123)] NtOpenThread: {Access Denied} A process has requested access to an object, but has not been granted those access rights. (0xc0000022)
[0805/161038.531:ERROR:exception_snapshot_win.cc(98)] thread ID 3384 not found in process
[0807/104352.976:ERROR:process_reader_win.cc(151)] SuspendThread: Access is denied. (0x5)
[0807/104352.976:ERROR:process_reader_win.cc(151)] SuspendThread: Access is denied. (0x5)
[0807/104352.976:ERROR:process_reader_win.cc(151)] SuspendThread: Access is denied. (0x5)
[0807/104352.976:ERROR:process_reader_win.cc(151)] SuspendThread: Access is denied. (0x5)
[0807/104352.976:ERROR:process_reader_win.cc(151)] SuspendThread: Access is denied. (0x5)
[0807/104352.976:ERROR:process_reader_win.cc(151)] SuspendThread: Access is denied. (0x5)
[0807/104352.976:ERROR:process_reader_win.cc(151)] SuspendThread: Access is denied. (0x5)
[0807/104352.976:ERROR:process_reader_win.cc(151)] SuspendThread: Access is denied. (0x5)
[0807/104352.976:ERROR:process_reader_win.cc(151)] SuspendThread: Access is denied. (0x5)
[0807/104352.976:ERROR:process_reader_win.cc(151)] SuspendThread: Access is denied. (0x5)
[0807/104352.976:ERROR:process_reader_win.cc(151)] SuspendThread: Access is denied. (0x5)
[0807/104352.976:ERROR:process_reader_win.cc(123)] NtOpenThread: {Access Denied} A process has requested access to an object, but has not been granted those access rights. (0xc0000022)
[0807/104352.976:ERROR:exception_snapshot_win.cc(98)] thread ID 7044 not found in process
[0807/104353.210:ERROR:process_reader_win.cc(151)] SuspendThread: Access is denied. (0x5)
[0807/104353.210:ERROR:process_reader_win.cc(151)] SuspendThread: Access is denied. (0x5)
[0807/104353.210:ERROR:process_reader_win.cc(151)] SuspendThread: Access is denied. (0x5)
[0807/104353.210:ERROR:process_reader_win.cc(151)] SuspendThread: Access is denied. (0x5)
[0807/104353.210:ERROR:process_reader_win.cc(151)] SuspendThread: Access is denied. (0x5)
[0807/104353.210:ERROR:process_reader_win.cc(151)] SuspendThread: Access is denied. (0x5)
[0807/104353.210:ERROR:process_reader_win.cc(151)] SuspendThread: Access is denied. (0x5)
[0807/104353.210:ERROR:process_reader_win.cc(151)] SuspendThread: Access is denied. (0x5)
[0807/104353.210:ERROR:process_reader_win.cc(151)] SuspendThread: Access is denied. (0x5)
[0807/104353.210:ERROR:process_reader_win.cc(151)] SuspendThread: Access is denied. (0x5)
[0807/104353.210:ERROR:process_reader_win.cc(151)] SuspendThread: Access is denied. (0x5)
[0807/104353.210:ERROR:process_reader_win.cc(151)] SuspendThread: Access is denied. (0x5)
[0807/104353.210:ERROR:process_reader_win.cc(151)] SuspendThread: Access is denied. (0x5)
[0807/104353.210:ERROR:process_reader_win.cc(151)] SuspendThread: Access is denied. (0x5)
[0807/104353.210:ERROR:process_reader_win.cc(123)] NtOpenThread: {Access Denied} A process has requested access to an object, but has not been granted those access rights. (0xc0000022)
[0807/104353.210:ERROR:exception_snapshot_win.cc(98)] thread ID 7260 not found in process
